
2018-06-04 18:16:36:
构建服务器收到用户[zhiry]构建请求,开始排队构建...

2018-06-04 18:16:36:
排队完成！开始构建app...

2018-06-04 18:16:36:
获取到用户配置的构建系统cordova库插件：[cordova-plugin-wechat]...

2018-06-04 18:16:36:
获取到用户配置的构建系统cordova库插件：[cordova-plugin-scancard]...

2018-06-04 18:16:36:
获取到用户配置的系统默认的插件：[cordova-plugin-compat]...

2018-06-04 18:16:36:
获取到用户配置的系统默认的插件：[cordova-plugin-http]...

2018-06-04 18:16:36:
获取到用户配置的系统默认的插件：[cordova-plugin-camera]...

2018-06-04 18:16:36:
获取到用户配置的系统默认的插件：[cordova-plugin-file]...

2018-06-04 18:16:36:
用户没有配置默认证书，将使用系统默认证书...

2018-06-04 18:16:36:
获取到构建使用的证书别名：[ump]...

createCordovaProject:
     [echo] === start create cordova project ===
     [echo] /usr/local/bin/cordova create /Users/ispace/BuildServer/umpfiles/userfiles/4848/15397/project/cgnspare
     [echo] 			com.yonyou.summer.preview 快速预览
     [echo] 		
     [exec] Creating a new cordova project.
     [echo] === end create cordova project ===

BUILD SUCCESSFUL
Total time: 1 second

addPlatform:
     [echo] add platform
     [echo] cordova platform add android@/Users/ispace/BuildServer/umpfiles/cordovaLibs/platforms/cordova-android.tgz --save
     [exec] Using cordova-fetch for cordova-android@/Users/ispace/BuildServer/umpfiles/cordovaLibs/platforms/cordova-android.tgz
     [exec] Adding android project...
     [exec] Creating Cordova project for the Android platform:
     [exec] 	Path: platforms/android
     [exec] 	Package: com.yonyou.summer.preview
     [exec] 	Name: ____
     [exec] 	Activity: MainActivity
     [exec] 	Android target: android-25
     [exec] Subproject Path: CordovaLib
     [exec] Android project created with cordova-android@6.1.2
     [exec] Discovered plugin "cordova-plugin-whitelist" in config.xml. Adding it to the project
     [exec] Installing "cordova-plugin-whitelist" for android
     [exec] 
     [exec]                This plugin is only applicable for versions of cordova-android greater than 4.0. If you have a previous platform version, you do *not* need this plugin since the whitelist will be built in.
     [exec]           
     [exec] Adding cordova-plugin-whitelist to package.json
     [exec] Saved plugin info for "cordova-plugin-whitelist" to config.xml
     [exec] --save flag or autosave detected
     [exec] Saving android@/Users/ispace/BuildServer/umpfiles/cordovaLibs/platforms/cordova-android.tgz into config.xml file ...
     [echo] === end add platform===

BUILD SUCCESSFUL
Total time: 8 seconds

initCordovaPlugins:
     [echo] add plugin in cordovaproject
     [echo]  start add plugin /Users/ispace/BuildServer/umpfiles/cordovaLibs/plugins/system/common/summer-plugin-apm 
     [exec] Installing "summer-plugin-apm" for android
     [echo]  end add plugin /Users/ispace/BuildServer/umpfiles/cordovaLibs/plugins/system/common/summer-plugin-apm 
     [echo]  start add plugin /Users/ispace/BuildServer/umpfiles/cordovaLibs/plugins/system/common/summer-plugin-core 
     [exec] Installing "summer-plugin-core" for android
     [echo]  end add plugin /Users/ispace/BuildServer/umpfiles/cordovaLibs/plugins/system/common/summer-plugin-core 
     [echo]  start add plugin /Users/ispace/BuildServer/umpfiles/cordovaLibs/plugins/system/common/summer-plugin-frame 
     [exec] Installing "summer-plugin-frame" for android
     [echo]  end add plugin /Users/ispace/BuildServer/umpfiles/cordovaLibs/plugins/system/common/summer-plugin-frame 
     [echo]  start add plugin /Users/ispace/BuildServer/umpfiles/cordovaLibs/plugins/system/common/summer-plugin-service 
     [exec] Installing "summer-plugin-service" for android
     [echo]  end add plugin /Users/ispace/BuildServer/umpfiles/cordovaLibs/plugins/system/common/summer-plugin-service 
     [echo]  start add plugin /Users/ispace/BuildServer/umpfiles/cordovaLibs/plugins/system/android/common/summer-plugin-android-resource 
     [exec] Installing "summer-plugin-android-resource" for android
     [exec] Subproject Path: CordovaLib
     [echo]  end add plugin /Users/ispace/BuildServer/umpfiles/cordovaLibs/plugins/system/android/common/summer-plugin-android-resource 
     [echo]  start add plugin /Users/ispace/BuildServer/umpfiles/cordovaLibs/plugins/system/android/debug/summer-plugin-android-debug 
     [exec] Installing "summer-plugin-android-debug" for android
     [exec] Subproject Path: CordovaLib
     [echo]  end add plugin /Users/ispace/BuildServer/umpfiles/cordovaLibs/plugins/system/android/debug/summer-plugin-android-debug 
     [echo]  start add plugin /Users/ispace/BuildServer/umpfiles/cordovaLibs/plugins/cordova/cordova-plugin-compat 
     [exec] Installing "cordova-plugin-compat" for android
     [echo]  end add plugin /Users/ispace/BuildServer/umpfiles/cordovaLibs/plugins/cordova/cordova-plugin-compat 
     [echo]  start add plugin /Users/ispace/BuildServer/umpfiles/cordovaLibs/plugins/cordova/cordova-plugin-file 
     [exec] Installing "cordova-plugin-file" for android
     [exec] Plugin dependency "cordova-plugin-compat@1.1.0" already fetched, using that version.
     [exec] Dependent plugin "cordova-plugin-compat" already installed on android.
     [exec] 
     [exec] The Android Persistent storage location now defaults to "Internal". Please check this plugin's README to see if your application needs any changes in its config.xml.
     [exec] 
     [exec] If this is a new application no changes are required.
     [exec] 
     [exec] If this is an update to an existing application that did not specify an "AndroidPersistentFileLocation" you may need to add:
     [exec] 
     [exec]       "<preference name="AndroidPersistentFileLocation" value="Compatibility" />"
     [exec] 
     [exec] to config.xml in order for the application to find previously stored files.
     [exec]         
     [echo]  end add plugin /Users/ispace/BuildServer/umpfiles/cordovaLibs/plugins/cordova/cordova-plugin-file 
     [echo]  start add plugin /Users/ispace/BuildServer/umpfiles/cordovaLibs/plugins/cordova/cordova-plugin-http 
     [exec] Installing "cordova-plugin-http" for android
     [exec] Plugin dependency "cordova-plugin-file@4.3.2" already fetched, using that version.
     [exec] Dependent plugin "cordova-plugin-file" already installed on android.
     [echo]  end add plugin /Users/ispace/BuildServer/umpfiles/cordovaLibs/plugins/cordova/cordova-plugin-http 
     [echo]  start add plugin /Users/ispace/BuildServer/umpfiles/cordovaLibs/plugins/cordova/cordova-plugin-camera 
     [exec] Installing "cordova-plugin-camera" for android
     [exec] Plugin dependency "cordova-plugin-compat@1.1.0" already fetched, using that version.
     [exec] Dependent plugin "cordova-plugin-compat" already installed on android.
     [exec] Subproject Path: CordovaLib
     [echo]  end add plugin /Users/ispace/BuildServer/umpfiles/cordovaLibs/plugins/cordova/cordova-plugin-camera 
     [echo]  start add plugin /Users/ispace/BuildServer/umpfiles/cordovaLibs/plugins/cordova/cordova-plugin-wechat 
     [exec] Installing "cordova-plugin-wechat" for android
     [exec] Running android-install.Hook: after_plugin_install, Package: com.yonyou.summer.preview, Path: /Users/ispace/BuildServer/umpfiles/userfiles/4848/15397/project/cgnspare.
     [echo]  end add plugin /Users/ispace/BuildServer/umpfiles/cordovaLibs/plugins/cordova/cordova-plugin-wechat 
     [echo]  start add plugin /Users/ispace/BuildServer/umpfiles/cordovaLibs/plugins/cordova/cordova-plugin-scancard 
     [exec] Installing "cordova-plugin-scancard" for android
     [exec] Subproject Path: CordovaLib
     [echo]  end add plugin /Users/ispace/BuildServer/umpfiles/cordovaLibs/plugins/cordova/cordova-plugin-scancard 
     [echo] === end add plugin ===

BUILD SUCCESSFUL
Total time: 19 seconds

buildAndroid:
     [echo] Start Build Android App
     [echo] /usr/local/bin/cordova build android --release -- --keystore /Users/dongzhk/BuildServer/umpfiles/profile/ump.keystore --alias ump --storePassword 123456 --password umpump
     [echo] Build base Dir /Users/ispace/BuildServer/umpfiles/userfiles/4848/15397/project/cgnspare
     [exec] ANDROID_HOME=/Applications/android-sdk-macosx-r16
     [exec] JAVA_HOME=/Library/Java/JavaVirtualMachines/jdk1.8.0_73.jdk/Contents/Home
     [exec] Reading build config file: /Users/ispace/BuildServer/umpfiles/userfiles/4848/15397/project/cgnspare/build.json
     [exec] Reading the keystore from: /Users/ispace/BuildServer/umpfiles/profile/32/ump_20170619164555.keystore
     [exec] Subproject Path: CordovaLib
     [exec] Parallel execution is an incubating feature.
     [exec] Incremental java compilation is an incubating feature.
     [exec] :preBuild
     [exec] :CordovaLib:preBuild
     [exec] :preBuild UP-TO-DATE
     [exec] :CordovaLib:preBuild UP-TO-DATE
     [exec] :CordovaLib:preDebugBuild
     [exec] :preReleaseBuild
     [exec] :CordovaLib:preDebugBuild UP-TO-DATE
     [exec] :preReleaseBuild UP-TO-DATE
     [exec] :CordovaLib:checkDebugManifest
     [exec] :checkReleaseManifest
     [exec] :CordovaLib:prepareDebugDependencies
     [exec] :preDebugBuild UP-TO-DATE
     [exec] :CordovaLib:compileDebugAidl
     [exec] :preDebugAndroidTestBuild UP-TO-DATE
     [exec] :generateReleaseBuildConfig
     [exec] :CordovaLib:compileDebugNdk UP-TO-DATE
     [exec] :generateReleaseResValues
     [exec] :CordovaLib:compileLint
     [exec] :CordovaLib:copyDebugLint UP-TO-DATE
     [exec] :incrementalReleaseJavaCompilationSafeguard
     [exec] :CordovaLib:mergeDebugShaders
     [exec] :compileReleaseNdk UP-TO-DATE
     [exec] :mergeReleaseShaders
     [exec] :CordovaLib:compileDebugShaders
     [exec] :CordovaLib:generateDebugAssets
     [exec] :CordovaLib:mergeDebugAssets
     [exec] :compileReleaseShaders
     [exec] :generateReleaseAssets
     [exec] :processReleaseJavaRes
     [exec] :CordovaLib:mergeDebugProguardFiles
     [exec] :CordovaLib:packageDebugRenderscript
     [exec] :processReleaseJavaRes UP-TO-DATE
     [exec] :validateSigningRelease
     [exec] :CordovaLib:packageDebugRenderscript UP-TO-DATE
     [exec] :CordovaLib:compileDebugRenderscript
     [exec] :CordovaLib:generateDebugResValues
     [exec] :CordovaLib:generateDebugResources
     [exec] :CordovaLib:packageDebugResources
     [exec] :CordovaLib:processDebugManifest
     [exec] :CordovaLib:generateDebugBuildConfig
     [exec] :CordovaLib:processDebugResources
     [exec] :CordovaLib:generateDebugSources
     [exec] :CordovaLib:incrementalDebugJavaCompilationSafeguard
     [exec] :CordovaLib:compileDebugJavaWithJavac
     [exec] :CordovaLib:compileDebugJavaWithJavac - is not incremental (e.g. outputs have changed, no previous execution, etc.).
     [exec] :CordovaLib:processDebugJavaRes UP-TO-DATE
     [exec] :CordovaLib:transformResourcesWithMergeJavaResForDebug
     [exec] :CordovaLib:transformClassesAndResourcesWithSyncLibJarsForDebug
     [exec] :CordovaLib:mergeDebugJniLibFolders
     [exec] :CordovaLib:transformNative_libsWithMergeJniLibsForDebug
     [exec] :CordovaLib:transformNative_libsWithSyncJniLibsForDebug
     [exec] :CordovaLib:bundleDebug
     [exec] :CordovaLib:preReleaseBuild UP-TO-DATE
     [exec] :CordovaLib:checkReleaseManifest
     [exec] :CordovaLib:prepareReleaseDependencies
     [exec] :CordovaLib:compileReleaseAidl
     [exec] :CordovaLib:compileReleaseNdk UP-TO-DATE
     [exec] :CordovaLib:copyReleaseLint UP-TO-DATE
     [exec] :CordovaLib:mergeReleaseShaders
     [exec] :CordovaLib:compileReleaseShaders
     [exec] :CordovaLib:generateReleaseAssets
     [exec] :CordovaLib:mergeReleaseAssets
     [exec] :CordovaLib:mergeReleaseProguardFiles
     [exec] :CordovaLib:packageReleaseRenderscript UP-TO-DATE
     [exec] :CordovaLib:compileReleaseRenderscript
     [exec] :CordovaLib:generateReleaseResValues
     [exec] :CordovaLib:generateReleaseResources
     [exec] :CordovaLib:packageReleaseResources
     [exec] :CordovaLib:processReleaseManifest
     [exec] :CordovaLib:generateReleaseBuildConfig
     [exec] :CordovaLib:processReleaseResources
     [exec] :CordovaLib:generateReleaseSources
     [exec] :CordovaLib:incrementalReleaseJavaCompilationSafeguard
     [exec] :CordovaLib:compileReleaseJavaWithJavac
     [exec] :CordovaLib:compileReleaseJavaWithJavac - is not incremental (e.g. outputs have changed, no previous execution, etc.).
     [exec] :CordovaLib:processReleaseJavaRes UP-TO-DATE
     [exec] :CordovaLib:transformResourcesWithMergeJavaResForRelease
     [exec] :CordovaLib:transformClassesAndResourcesWithSyncLibJarsForRelease
     [exec] :CordovaLib:mergeReleaseJniLibFolders
     [exec] :CordovaLib:transformNative_libsWithMergeJniLibsForRelease
     [exec] :CordovaLib:transformNative_libsWithSyncJniLibsForRelease
     [exec] :CordovaLib:bundleRelease
     [exec] :prepareAndroidArchCoreRuntime110Library
     [exec] :prepareAndroidArchLifecycleLivedataCore110Library
     [exec] :prepareAndroidArchLifecycleRuntime110Library
     [exec] :prepareAndroidArchLifecycleViewmodel110Library
     [exec] :prepareAndroidCordovaLibUnspecifiedReleaseLibrary
     [exec] :prepareComAndroidSupportAnimatedVectorDrawable2800Alpha1Library
     [exec] :prepareComAndroidSupportAppcompatV72800Alpha1Library
     [exec] :prepareComAndroidSupportAsynclayoutinflater2800Alpha1Library
     [exec] :prepareComAndroidSupportCoordinatorlayout2800Alpha1Library
     [exec] :prepareComAndroidSupportCursoradapter2800Alpha1Library
     [exec] :prepareComAndroidSupportCustomview2800Alpha1Library
     [exec] :prepareComAndroidSupportDocumentfile2800Alpha1Library
     [exec] :prepareComAndroidSupportDrawerlayout2800Alpha1Library
     [exec] :prepareComAndroidSupportInterpolator2800Alpha1Library
     [exec] :prepareComAndroidSupportLoader2800Alpha1Library
     [exec] :prepareComAndroidSupportLocalbroadcastmanager2800Alpha1Library
     [exec] :prepareComAndroidSupportMultidex101Library
     [exec] :prepareComAndroidSupportPrint2800Alpha1Library
     [exec] :prepareComAndroidSupportSlidingpanelayout2800Alpha1Library
     [exec] :prepareComAndroidSupportSupportCompat2800Alpha1Library
     [exec] :prepareComAndroidSupportSupportCoreUi2800Alpha1Library
     [exec] :prepareComAndroidSupportSupportCoreUtils2800Alpha1Library
     [exec] :prepareComAndroidSupportSupportFragment2800Alpha1Library
     [exec] :prepareComAndroidSupportSupportV42411Library
     [exec] :prepareComAndroidSupportSupportVectorDrawable2800Alpha1Library
     [exec] :prepareComAndroidSupportSwiperefreshlayout2800Alpha1Library
     [exec] :prepareComAndroidSupportViewpager2800Alpha1Library
     [exec] :prepareOrgXutilsXutils3340Library
     [exec] :prepareScancardLibrary
     [exec] :prepareSummerlibDebugLibrary
     [exec] :prepareYyemmsdkLibrary
     [exec] :prepareYymamsdkLibrary
     [exec] :prepareYyudaccessorLibrary
     [exec] :prepareReleaseDependencies
     [exec] :compileReleaseAidl
     [exec] :compileReleaseRenderscript
     [exec] :generateReleaseResources
     [exec] :mergeReleaseResources
     [exec] :processReleaseManifest
     [exec] [:yyemmsdk:] /Users/ispace/BuildServer/umpfiles/userfiles/4848/15397/project/cgnspare/platforms/android/build/intermediates/exploded-aar/yyemmsdk/AndroidManifest.xml:30:5-79 Warning:
     [exec] 	Element uses-permission#android.permission.ACCESS_FINE_LOCATION at [:yyemmsdk:] AndroidManifest.xml:30:5-79 duplicated with element declared at [:yyemmsdk:] AndroidManifest.xml:27:5-79
     [exec] /Users/ispace/BuildServer/umpfiles/userfiles/4848/15397/project/cgnspare/platforms/android/AndroidManifest.xml:6:5-37:19 Warning:
     [exec] 	application@android:allowBackup was tagged at AndroidManifest.xml:6 to replace other declarations but no other declaration present
     [exec] :processReleaseResources FAILED
     [exec] 
     [exec] BUILD FAILED
     [exec] 
     [exec] Total time: 3.672 secs
     [exec] /Users/ispace/BuildServer/umpfiles/userfiles/4848/15397/project/cgnspare/platforms/android/build/intermediates/res/merged/release/values-v26/values-v26.xml:15:21-54: AAPT: No resource found that matches the given name: attr 'android:keyboardNavigationCluster'.
     [exec]     
     [exec] /Users/ispace/BuildServer/umpfiles/userfiles/4848/15397/project/cgnspare/platforms/android/build/intermediates/res/merged/release/values-v26/values-v26.xml:15: error: Error: No resource found that matches the given name: attr 'android:keyboardNavigationCluster'.
     [exec] 
     [exec] 
     [exec] 
     [exec] FAILURE: Build failed with an exception.
     [exec] 
     [exec] * What went wrong:
     [exec] Execution failed for task ':processReleaseResources'.
     [exec] > com.android.ide.common.process.ProcessException: Failed to execute aapt
     [exec] 
     [exec] * Try:
     [exec] Run with --stacktrace option to get the stack trace. Run with --info or --debug option to get more log output.
     [exec] Error: /Users/ispace/BuildServer/umpfiles/userfiles/4848/15397/project/cgnspare/platforms/android/gradlew: Command failed with exit code 1 Error output:
     [exec] /Users/ispace/BuildServer/umpfiles/userfiles/4848/15397/project/cgnspare/platforms/android/build/intermediates/res/merged/release/values-v26/values-v26.xml:15:21-54: AAPT: No resource found that matches the given name: attr 'android:keyboardNavigationCluster'.
     [exec]     
     [exec] /Users/ispace/BuildServer/umpfiles/userfiles/4848/15397/project/cgnspare/platforms/android/build/intermediates/res/merged/release/values-v26/values-v26.xml:15: error: Error: No resource found that matches the given name: attr 'android:keyboardNavigationCluster'.
     [exec] 
     [exec] 
     [exec] 
     [exec] FAILURE: Build failed with an exception.
     [exec] 
     [exec] * What went wrong:
     [exec] Execution failed for task ':processReleaseResources'.
     [exec] > com.android.ide.common.process.ProcessException: Failed to execute aapt
     [exec] 
     [exec] * Try:
     [exec] Run with --stacktrace option to get the stack trace. Run with --info or --debug option to get more log output.

BUILD FAILED
/Users/ispace/BuildServer/apache-tomcat-7.0.73/webapps/ump/WEB-INF/classes/cordovaTemplate/cordova-build.xml:26: exec returned: 1

Total time: 6 seconds

2018-06-04 18:17:12:
打包结果:
{"result":false,"message":"构建出现错误！打包失败！"}
BUILD FAILED 
 